d:\dropbox\softrendererallversions\softrendering-neontest-simd - multithreading\start\release\wintiming.obj
d:\dropbox\softrendererallversions\softrendering-neontest-simd - multithreading\start\release\profiling.obj
d:\dropbox\softrendererallversions\softrendering-neontest-simd - multithreading\start\release\memorypool.obj
d:\dropbox\softrendererallversions\softrendering-neontest-simd - multithreading\start\release\memorymanager.obj
d:\dropbox\softrendererallversions\softrendering-neontest-simd - multithreading\start\release\extension.obj
d:\dropbox\softrendererallversions\softrendering-neontest-simd - multithreading\start\release\bitarray.obj
d:\dropbox\softrendererallversions\softrendering-neontest-simd - multithreading\start\release\simplexnoise.obj
d:\dropbox\softrendererallversions\softrendering-neontest-simd - multithreading\start\release\main.obj
d:\dropbox\softrendererallversions\softrendering-neontest-simd - multithreading\start\release\vertexbuffer.obj
d:\dropbox\softrendererallversions\softrendering-neontest-simd - multithreading\start\release\texture.obj
d:\dropbox\softrendererallversions\softrendering-neontest-simd - multithreading\start\release\resourcemanager.obj
d:\dropbox\softrendererallversions\softrendering-neontest-simd - multithreading\start\release\mesh.obj
d:\dropbox\softrendererallversions\softrendering-neontest-simd - multithreading\start\release\material.obj
d:\dropbox\softrendererallversions\softrendering-neontest-simd - multithreading\start\release\indexbuffer.obj
d:\dropbox\softrendererallversions\softrendering-neontest-simd - multithreading\start\release\graphic.obj
d:\dropbox\softrendererallversions\softrendering-neontest-simd - multithreading\start\release\priasm.obj
d:\dropbox\softrendererallversions\softrendering-neontest-simd - multithreading\start\release\framebuffer.obj
d:\dropbox\softrendererallversions\softrendering-neontest-simd - multithreading\start\release\vertexshader.obj
d:\dropbox\softrendererallversions\softrendering-neontest-simd - multithreading\start\release\pixelshader.obj
d:\dropbox\softrendererallversions\softrendering-neontest-simd - multithreading\start\release\camera.obj
d:\dropbox\softrendererallversions\softrendering-neontest-simd - multithreading\start\release\vc120.pdb
d:\dropbox\softrendererallversions\softrendering-neontest-simd - multithreading\release\start.exe
d:\dropbox\softrendererallversions\softrendering-neontest-simd - multithreading\release\start.pdb
d:\dropbox\softrendererallversions\softrendering-neontest-simd - multithreading\start\release\start.tlog\cl.command.1.tlog
d:\dropbox\softrendererallversions\softrendering-neontest-simd - multithreading\start\release\start.tlog\cl.read.1.tlog
d:\dropbox\softrendererallversions\softrendering-neontest-simd - multithreading\start\release\start.tlog\cl.write.1.tlog
d:\dropbox\softrendererallversions\softrendering-neontest-simd - multithreading\start\release\start.tlog\link.command.1.tlog
d:\dropbox\softrendererallversions\softrendering-neontest-simd - multithreading\start\release\start.tlog\link.read.1.tlog
d:\dropbox\softrendererallversions\softrendering-neontest-simd - multithreading\start\release\start.tlog\link.write.1.tlog
