d:\dropbox\softrendererallversions\softrendering-neontest-simd - multithreading\start\debug\vc120.pdb
d:\dropbox\softrendererallversions\softrendering-neontest-simd - multithreading\start\debug\vc120.idb
d:\dropbox\softrendererallversions\softrendering-neontest-simd - multithreading\start\debug\camera.obj
d:\dropbox\softrendererallversions\softrendering-neontest-simd - multithreading\start\debug\pixelshader.obj
d:\dropbox\softrendererallversions\softrendering-neontest-simd - multithreading\start\debug\vertexshader.obj
d:\dropbox\softrendererallversions\softrendering-neontest-simd - multithreading\start\debug\priasm.obj
d:\dropbox\softrendererallversions\softrendering-neontest-simd - multithreading\start\debug\graphic.obj
d:\dropbox\softrendererallversions\softrendering-neontest-simd - multithreading\start\debug\indexbuffer.obj
d:\dropbox\softrendererallversions\softrendering-neontest-simd - multithreading\start\debug\material.obj
d:\dropbox\softrendererallversions\softrendering-neontest-simd - multithreading\start\debug\mesh.obj
d:\dropbox\softrendererallversions\softrendering-neontest-simd - multithreading\start\debug\resourcemanager.obj
d:\dropbox\softrendererallversions\softrendering-neontest-simd - multithreading\start\debug\texture.obj
d:\dropbox\softrendererallversions\softrendering-neontest-simd - multithreading\start\debug\vertexbuffer.obj
d:\dropbox\softrendererallversions\softrendering-neontest-simd - multithreading\start\debug\simplexnoise.obj
d:\dropbox\softrendererallversions\softrendering-neontest-simd - multithreading\start\debug\bitarray.obj
d:\dropbox\softrendererallversions\softrendering-neontest-simd - multithreading\start\debug\extension.obj
d:\dropbox\softrendererallversions\softrendering-neontest-simd - multithreading\start\debug\memorymanager.obj
d:\dropbox\softrendererallversions\softrendering-neontest-simd - multithreading\start\debug\memorypool.obj
d:\dropbox\softrendererallversions\softrendering-neontest-simd - multithreading\start\debug\profiling.obj
d:\dropbox\softrendererallversions\softrendering-neontest-simd - multithreading\start\debug\wintiming.obj
d:\dropbox\softrendererallversions\softrendering-neontest-simd - multithreading\start\debug\main.obj
d:\dropbox\softrendererallversions\softrendering-neontest-simd - multithreading\start\debug\framebuffer.obj
d:\dropbox\softrendererallversions\softrendering-neontest-simd - multithreading\start\debug\start.exe.intermediate.manifest
d:\dropbox\softrendererallversions\softrendering-neontest-simd - multithreading\debug\start.exe.manifest
d:\dropbox\softrendererallversions\softrendering-neontest-simd - multithreading\debug\start.pdb
d:\dropbox\softrendererallversions\softrendering-neontest-simd - multithreading\start\debug\start.tlog\cl.command.1.tlog
d:\dropbox\softrendererallversions\softrendering-neontest-simd - multithreading\start\debug\start.tlog\cl.read.1.tlog
d:\dropbox\softrendererallversions\softrendering-neontest-simd - multithreading\start\debug\start.tlog\cl.write.1.tlog
d:\dropbox\softrendererallversions\softrendering-neontest-simd - multithreading\start\debug\start.tlog\link.command.1.tlog
d:\dropbox\softrendererallversions\softrendering-neontest-simd - multithreading\start\debug\start.tlog\link.read.1.tlog
d:\dropbox\softrendererallversions\softrendering-neontest-simd - multithreading\start\debug\start.tlog\link.write.1.tlog
d:\dropbox\softrendererallversions\softrendering-neontest-simd - multithreading\start\debug\start.tlog\mt.command.1.tlog
d:\dropbox\softrendererallversions\softrendering-neontest-simd - multithreading\start\debug\start.tlog\mt.read.1.tlog
