Build started 5/8/2016 5:24:13 PM.
     1>Project "D:\Dropbox\SoftRendererAllVersions\SoftRendering-NeonTest-SIMD - MultiThreading\start\start.vcxproj" on node 2 (Build target(s)).
     1>ClCompile:
         C:\Program Files (x86)\VC\bin\CL.exe /c /IIncludes\GLFW /IIncludes\GL /IIncludes\glm /IIncludes\vectorial /ZI /nologo /W3 /WX- /Od /Oy- /D WIN32 /D _DEBUG /D _CONSOLE /D _UNICODE /D UNICODE /Gm /EHsc /RTC1 /MDd /GS /fp:precise /Zc:wchar_t /Zc:forScope /Fo"Debug\\" /Fd"Debug\vc120.pdb" /Gd /TP /analyze- /errorReport:prompt Graphics\FromVStoPS\PriAsm.cpp Graphics\Graphic.cpp Graphics\Objects\Mesh.cpp main.cpp
         Mesh.cpp
     1>d:\dropbox\softrendererallversions\softrendering-neontest-simd - multithreading\start\graphics\objects\mesh.cpp(44): warning C4244: '=' : conversion from 'float' to 'int16_t', possible loss of data
     1>d:\dropbox\softrendererallversions\softrendering-neontest-simd - multithreading\start\graphics\objects\mesh.cpp(45): warning C4244: '=' : conversion from 'float' to 'int16_t', possible loss of data
     1>d:\dropbox\softrendererallversions\softrendering-neontest-simd - multithreading\start\graphics\objects\mesh.cpp(46): warning C4244: '=' : conversion from 'float' to 'int16_t', possible loss of data
     1>d:\dropbox\softrendererallversions\softrendering-neontest-simd - multithreading\start\graphics\objects\mesh.cpp(47): warning C4244: '=' : conversion from 'float' to 'int16_t', possible loss of data
     1>d:\dropbox\softrendererallversions\softrendering-neontest-simd - multithreading\start\graphics\objects\mesh.cpp(82): warning C4244: 'argument' : conversion from 'float' to 'int', possible loss of data
     1>d:\dropbox\softrendererallversions\softrendering-neontest-simd - multithreading\start\graphics\objects\mesh.cpp(83): warning C4244: 'argument' : conversion from 'float' to 'int', possible loss of data
     1>d:\dropbox\softrendererallversions\softrendering-neontest-simd - multithreading\start\graphics\objects\mesh.cpp(84): warning C4244: 'argument' : conversion from 'float' to 'int', possible loss of data
     1>d:\dropbox\softrendererallversions\softrendering-neontest-simd - multithreading\start\graphics\objects\mesh.cpp(133): warning C4018: '<' : signed/unsigned mismatch
     1>d:\dropbox\softrendererallversions\softrendering-neontest-simd - multithreading\start\graphics\objects\mesh.cpp(147): warning C4996: 'fopen': This function or variable may be unsafe. Consider using fopen_s instead. To disable deprecation, use _CRT_SECURE_NO_WARNINGS. See online help for details.
                 c:\program files (x86)\vc\include\stdio.h(211) : see declaration of 'fopen'
     1>d:\dropbox\softrendererallversions\softrendering-neontest-simd - multithreading\start\graphics\objects\mesh.cpp(168): warning C4996: 'fscanf': This function or variable may be unsafe. Consider using fscanf_s instead. To disable deprecation, use _CRT_SECURE_NO_WARNINGS. See online help for details.
                 c:\program files (x86)\vc\include\stdio.h(230) : see declaration of 'fscanf'
     1>d:\dropbox\softrendererallversions\softrendering-neontest-simd - multithreading\start\graphics\objects\mesh.cpp(194): warning C4996: 'fscanf': This function or variable may be unsafe. Consider using fscanf_s instead. To disable deprecation, use _CRT_SECURE_NO_WARNINGS. See online help for details.
                 c:\program files (x86)\vc\include\stdio.h(230) : see declaration of 'fscanf'
     1>d:\dropbox\softrendererallversions\softrendering-neontest-simd - multithreading\start\graphics\objects\mesh.cpp(199): warning C4996: 'fscanf': This function or variable may be unsafe. Consider using fscanf_s instead. To disable deprecation, use _CRT_SECURE_NO_WARNINGS. See online help for details.
                 c:\program files (x86)\vc\include\stdio.h(230) : see declaration of 'fscanf'
     1>d:\dropbox\softrendererallversions\softrendering-neontest-simd - multithreading\start\graphics\objects\mesh.cpp(205): warning C4996: 'fscanf': This function or variable may be unsafe. Consider using fscanf_s instead. To disable deprecation, use _CRT_SECURE_NO_WARNINGS. See online help for details.
                 c:\program files (x86)\vc\include\stdio.h(230) : see declaration of 'fscanf'
     1>d:\dropbox\softrendererallversions\softrendering-neontest-simd - multithreading\start\graphics\objects\mesh.cpp(212): warning C4996: 'fscanf': This function or variable may be unsafe. Consider using fscanf_s instead. To disable deprecation, use _CRT_SECURE_NO_WARNINGS. See online help for details.
                 c:\program files (x86)\vc\include\stdio.h(230) : see declaration of 'fscanf'
     1>d:\dropbox\softrendererallversions\softrendering-neontest-simd - multithreading\start\graphics\objects\mesh.cpp(219): warning C4996: 'fscanf': This function or variable may be unsafe. Consider using fscanf_s instead. To disable deprecation, use _CRT_SECURE_NO_WARNINGS. See online help for details.
                 c:\program files (x86)\vc\include\stdio.h(230) : see declaration of 'fscanf'
     1>d:\dropbox\softrendererallversions\softrendering-neontest-simd - multithreading\start\graphics\objects\mesh.cpp(287): warning C4018: '<' : signed/unsigned mismatch
         PriAsm.cpp
     1>d:\dropbox\softrendererallversions\softrendering-neontest-simd - multithreading\start\graphics\fromvstops\priasm.h(126): warning C4244: '=' : conversion from 'double' to 'float', possible loss of data
     1>d:\dropbox\softrendererallversions\softrendering-neontest-simd - multithreading\start\graphics\fromvstops\priasm.h(132): warning C4244: '=' : conversion from 'int' to 'float', possible loss of data
     1>d:\dropbox\softrendererallversions\softrendering-neontest-simd - multithreading\start\graphics\fromvstops\priasm.h(133): warning C4244: '=' : conversion from 'int' to 'float', possible loss of data
     1>d:\dropbox\softrendererallversions\softrendering-neontest-simd - multithreading\start\graphics\fromvstops\priasm.h(141): warning C4244: 'argument' : conversion from 'float' to 'int', possible loss of data
     1>d:\dropbox\softrendererallversions\softrendering-neontest-simd - multithreading\start\graphics\fromvstops\priasm.h(143): warning C4244: 'argument' : conversion from 'float' to 'int', possible loss of data
     1>d:\dropbox\softrendererallversions\softrendering-neontest-simd - multithreading\start\utilities.h(52): warning C4244: 'argument' : conversion from 'float' to 'int', possible loss of data
     1>d:\dropbox\softrendererallversions\softrendering-neontest-simd - multithreading\start\graphics\fromvstops\priasm.cpp(338): warning C4018: '<' : signed/unsigned mismatch
     1>d:\dropbox\softrendererallversions\softrendering-neontest-simd - multithreading\start\graphics\fromvstops\priasm.cpp(523): warning C4244: 'initializing' : conversion from 'float' to 'int', possible loss of data
     1>d:\dropbox\softrendererallversions\softrendering-neontest-simd - multithreading\start\graphics\fromvstops\priasm.cpp(525): warning C4244: 'initializing' : conversion from 'float' to 'int', possible loss of data
     1>d:\dropbox\softrendererallversions\softrendering-neontest-simd - multithreading\start\graphics\fromvstops\priasm.cpp(560): warning C4244: 'initializing' : conversion from 'float' to 'int', possible loss of data
     1>d:\dropbox\softrendererallversions\softrendering-neontest-simd - multithreading\start\graphics\fromvstops\priasm.cpp(562): warning C4244: 'initializing' : conversion from 'float' to 'int', possible loss of data
     1>d:\dropbox\softrendererallversions\softrendering-neontest-simd - multithreading\start\graphics\fromvstops\priasm.cpp(590): warning C4244: 'initializing' : conversion from 'int' to 'float', possible loss of data
     1>d:\dropbox\softrendererallversions\softrendering-neontest-simd - multithreading\start\graphics\fromvstops\priasm.cpp(621): warning C4244: 'argument' : conversion from 'float' to 'unsigned char', possible loss of data
     1>d:\dropbox\softrendererallversions\softrendering-neontest-simd - multithreading\start\graphics\fromvstops\priasm.cpp(649): warning C4101: 'w' : unreferenced local variable
         Generating Code...
         Compiling...
         main.cpp
     1>d:\dropbox\softrendererallversions\softrendering-neontest-simd - multithreading\start\graphics\fromvstops\priasm.h(126): warning C4244: '=' : conversion from 'double' to 'float', possible loss of data
     1>d:\dropbox\softrendererallversions\softrendering-neontest-simd - multithreading\start\graphics\fromvstops\priasm.h(132): warning C4244: '=' : conversion from 'int' to 'float', possible loss of data
     1>d:\dropbox\softrendererallversions\softrendering-neontest-simd - multithreading\start\graphics\fromvstops\priasm.h(133): warning C4244: '=' : conversion from 'int' to 'float', possible loss of data
     1>d:\dropbox\softrendererallversions\softrendering-neontest-simd - multithreading\start\graphics\fromvstops\priasm.h(141): warning C4244: 'argument' : conversion from 'float' to 'int', possible loss of data
     1>d:\dropbox\softrendererallversions\softrendering-neontest-simd - multithreading\start\graphics\fromvstops\priasm.h(143): warning C4244: 'argument' : conversion from 'float' to 'int', possible loss of data
     1>d:\dropbox\softrendererallversions\softrendering-neontest-simd - multithreading\start\graphics\objects\texture.h(14): warning C4244: 'initializing' : conversion from 'float' to 'int', possible loss of data
     1>d:\dropbox\softrendererallversions\softrendering-neontest-simd - multithreading\start\graphics\objects\texture.h(15): warning C4244: 'initializing' : conversion from 'float' to 'int', possible loss of data
     1>d:\dropbox\softrendererallversions\softrendering-neontest-simd - multithreading\start\main.cpp(204): warning C4244: '=' : conversion from 'double' to 'float', possible loss of data
     1>d:\dropbox\softrendererallversions\softrendering-neontest-simd - multithreading\start\main.cpp(345): warning C4244: 'argument' : conversion from 'float' to 'int', possible loss of data
     1>d:\dropbox\softrendererallversions\softrendering-neontest-simd - multithreading\start\main.cpp(385): warning C4244: '+=' : conversion from 'double' to 'float', possible loss of data
         Graphic.cpp
     1>d:\dropbox\softrendererallversions\softrendering-neontest-simd - multithreading\start\graphics\fromvstops\priasm.h(126): warning C4244: '=' : conversion from 'double' to 'float', possible loss of data
     1>d:\dropbox\softrendererallversions\softrendering-neontest-simd - multithreading\start\graphics\fromvstops\priasm.h(132): warning C4244: '=' : conversion from 'int' to 'float', possible loss of data
     1>d:\dropbox\softrendererallversions\softrendering-neontest-simd - multithreading\start\graphics\fromvstops\priasm.h(133): warning C4244: '=' : conversion from 'int' to 'float', possible loss of data
     1>d:\dropbox\softrendererallversions\softrendering-neontest-simd - multithreading\start\graphics\fromvstops\priasm.h(141): warning C4244: 'argument' : conversion from 'float' to 'int', possible loss of data
     1>d:\dropbox\softrendererallversions\softrendering-neontest-simd - multithreading\start\graphics\fromvstops\priasm.h(143): warning C4244: 'argument' : conversion from 'float' to 'int', possible loss of data
     1>d:\dropbox\softrendererallversions\softrendering-neontest-simd - multithreading\start\graphics\objects\texture.h(14): warning C4244: 'initializing' : conversion from 'float' to 'int', possible loss of data
     1>d:\dropbox\softrendererallversions\softrendering-neontest-simd - multithreading\start\graphics\objects\texture.h(15): warning C4244: 'initializing' : conversion from 'float' to 'int', possible loss of data
     1>d:\dropbox\softrendererallversions\softrendering-neontest-simd - multithreading\start\graphics\graphic.cpp(68): warning C4018: '<' : signed/unsigned mismatch
         Generating Code...
       Link:
         C:\Program Files (x86)\VC\bin\link.exe /ERRORREPORT:PROMPT /OUT:"D:\Dropbox\SoftRendererAllVersions\SoftRendering-NeonTest-SIMD - MultiThreading\Debug\start.exe" /INCREMENTAL:NO /NOLOGO /LIBPATH:Libs opengl32.lib glu32.lib glew32.lib glfw3.lib yeppp.lib kernel32.lib user32.lib gdi32.lib winspool.lib comdlg32.lib advapi32.lib shell32.lib ole32.lib oleaut32.lib uuid.lib odbc32.lib odbccp32.lib /MANIFEST /ManifestFile:"Debug\start.exe.intermediate.manifest" /MANIFESTUAC:"level='asInvoker' uiAccess='false'" /DEBUG /PDB:"D:\Dropbox\SoftRendererAllVersions\SoftRendering-NeonTest-SIMD - MultiThreading\Debug\start.pdb" /SUBSYSTEM:CONSOLE /TLBID:1 /DYNAMICBASE /NXCOMPAT /IMPLIB:"D:\Dropbox\SoftRendererAllVersions\SoftRendering-NeonTest-SIMD - MultiThreading\Debug\start.lib" /MACHINE:X86 Debug\Camera.obj
         Debug\PixelShader.obj
         Debug\VertexShader.obj
         Debug\FrameBuffer.obj
         Debug\PriAsm.obj
         Debug\Graphic.obj
         Debug\IndexBuffer.obj
         Debug\Material.obj
         Debug\Mesh.obj
         Debug\ResourceManager.obj
         Debug\Texture.obj
         Debug\VertexBuffer.obj
         Debug\main.obj
         Debug\SimplexNoise.obj
         Debug\BitArray.obj
         Debug\Extension.obj
         Debug\MemoryManager.obj
         Debug\MemoryPool.obj
         Debug\Profiling.obj
         Debug\WinTiming.obj
     1>Camera.obj : warning LNK4075: ignoring '/EDITANDCONTINUE' due to '/OPT:LBR' specification
     1>LINK : warning LNK4098: defaultlib 'MSVCRT' conflicts with use of other libs; use /NODEFAULTLIB:library
         start.vcxproj -> D:\Dropbox\SoftRendererAllVersions\SoftRendering-NeonTest-SIMD - MultiThreading\Debug\start.exe
       Manifest:
         C:\Program Files (x86)\Windows Kits\8.1\bin\x86\mt.exe /nologo /verbose /out:"D:\Dropbox\SoftRendererAllVersions\SoftRendering-NeonTest-SIMD - MultiThreading\Debug\start.exe.manifest" /manifest Debug\start.exe.intermediate.manifest
     1>Done Building Project "D:\Dropbox\SoftRendererAllVersions\SoftRendering-NeonTest-SIMD - MultiThreading\start\start.vcxproj" (Build target(s)).

Build succeeded.

Time Elapsed 00:00:01.93
